<?xml version="1.0" encoding="UTF-8"?>
<testsuite xmlns:xsi="http://www.w3.org/2001/XMLSchema-instance" xsi:noNamespaceSchemaLocation="https://maven.apache.org/surefire/maven-surefire-plugin/xsd/surefire-test-report.xsd" name="com.cart4j.auth.service.impl.UserDetailsServiceTest" time="0.06" tests="2" errors="0" skipped="0" failures="0">
  <properties>
[...]
</properties>
  <testcase name="getByEmail" classname="com.cart4j.auth.service.impl.UserDetailsServiceTest" time="0.006"/>
  <testcase name="getByUsername" classname="com.cart4j.auth.service.impl.UserDetailsServiceTest" time="0.004"/>
</testsuite>